<?xml version="1.0" encoding="UTF-8"?>
<testng-results ignored="0" total="3" passed="3" failed="0" skipped="0">
  <reporter-output>
  </reporter-output>
  <suite started-at="2020-10-29T11:30:27 IST" name="Default suite" finished-at="2020-10-29T11:31:32 IST" duration-ms="64234">
    <groups>
    </groups>
    <test started-at="2020-10-29T11:30:27 IST" name="Default test" finished-at="2020-10-29T11:31:32 IST" duration-ms="64234">
      <class name="com.datadriven.framework.test.LoginTest.loginTest">
        <test-method signature="testOne()[pri:0, instance:com.datadriven.framework.test.LoginTest.loginTest@65f095f8]" started-at="2020-10-29T11:30:27 IST" name="testOne" finished-at="2020-10-29T11:31:04 IST" duration-ms="37103" status="PASS">
          <reporter-output>
          </reporter-output>
        </test-method> <!-- testOne -->
        <test-method signature="testThree()[pri:0, instance:com.datadriven.framework.test.LoginTest.loginTest@65f095f8]" started-at="2020-10-29T11:31:04 IST" name="testThree" finished-at="2020-10-29T11:31:21 IST" duration-ms="17023" status="PASS">
          <reporter-output>
          </reporter-output>
        </test-method> <!-- testThree -->
        <test-method signature="testTwo()[pri:0, instance:com.datadriven.framework.test.LoginTest.loginTest@65f095f8]" started-at="2020-10-29T11:31:21 IST" name="testTwo" finished-at="2020-10-29T11:31:30 IST" duration-ms="9051" status="PASS">
          <reporter-output>
          </reporter-output>
        </test-method> <!-- testTwo -->
        <test-method is-config="true" signature="close()[pri:0, instance:com.datadriven.framework.test.LoginTest.loginTest@65f095f8]" started-at="2020-10-29T11:31:31 IST" name="close" finished-at="2020-10-29T11:31:32 IST" duration-ms="997" status="PASS">
          <reporter-output>
          </reporter-output>
        </test-method> <!-- close -->
      </class> <!-- com.datadriven.framework.test.LoginTest.loginTest -->
    </test> <!-- Default test -->
  </suite> <!-- Default suite -->
</testng-results>
