<?xml version="1.0" encoding="UTF-8"?>
<!-- Generated by org.testng.reporters.JUnitXMLReporter -->
<testsuite ignored="0" hostname="Priyam" failures="0" tests="3" name="Default test" time="64.234" errors="0" timestamp="2020-10-29T11:31:32 IST">
  <testcase classname="com.datadriven.framework.test.LoginTest.loginTest" name="testOne" time="37.103"/>
  <testcase classname="com.datadriven.framework.test.LoginTest.loginTest" name="testThree" time="17.023"/>
  <testcase classname="com.datadriven.framework.test.LoginTest.loginTest" name="testTwo" time="9.051"/>
</testsuite> <!-- Default test -->
